#
# There is insufficient memory for the Java Runtime Environment to continue.
# Native memory allocation (mmap) failed to map 65536 bytes for Failed to commit metaspace.
# Possible reasons:
#   The system is out of physical RAM or swap space
#   The process is running with CompressedOops enabled, and the Java Heap may be blocking the growth of the native heap
# Possible solutions:
#   Reduce memory load on the system
#   Increase physical memory or swap space
#   Check if swap backing store is full
#   Decrease Java heap size (-Xmx/-Xms)
#   Decrease number of Java threads
#   Decrease Java thread stack sizes (-Xss)
#   Set larger code cache with -XX:ReservedCodeCacheSize=
#   JVM is running with Unscaled Compressed Oops mode in which the Java heap is
#     placed in the first 4GB address space. The Java Heap base address is the
#     maximum limit for the native heap growth. Please use -XX:HeapBaseMinAddress
#     to set the Java Heap base and to place the Java Heap above 4GB virtual address.
# This output file may be truncated or incomplete.
#
#  Out of Memory Error (virtualSpaceNode.cpp:110), pid=21288, tid=19676
#
# JRE version: OpenJDK Runtime Environment (17.0.6) (build 17.0.6+0-b2043.56-10027231)
# Java VM: OpenJDK 64-Bit Server VM (17.0.6+0-b2043.56-10027231, mixed mode, tiered, compressed oops, compressed class ptrs, g1 gc, windows-amd64)
# No core dump will be written. Minidumps are not enabled by default on client versions of Windows
#

---------------  S U M M A R Y ------------

Command Line: -Dorg.gradle.appname=gradlew org.gradle.wrapper.GradleWrapperMain -q -Ptarget-platform=android-x64 -Ptarget=C:\Users\Ritesh\OneDrive\Desktop\Flutter Projects\Internship\design_in_flutter\lib\main.dart -Pbase-application-name=android.app.Application -Pdart-defines=Zmx1dHRlci5pbnNwZWN0b3Iuc3RydWN0dXJlZEVycm9ycz1mYWxzZQ==,RkxVVFRFUl9XRUJfQVVUT19ERVRFQ1Q9dHJ1ZQ==,RkxVVFRFUl9XRUJfQ0FOVkFTS0lUX1VSTD1odHRwczovL3d3dy5nc3RhdGljLmNvbS9mbHV0dGVyLWNhbnZhc2tpdC8xYWM2MTFjNjRlYWRiZDkzYzVmNWFiYTU0OTRiOGZjM2IzNWVlOTUyLw== -Pdart-obfuscation=false -Ptrack-widget-creation=true -Ptree-shake-icons=false -Pfilesystem-scheme=org-dartlang-root assembleDebug

Host: Intel(R) Core(TM) i5-10300H CPU @ 2.50GHz, 8 cores, 7G,  Windows 10 , 64 bit Build 19041 (10.0.19041.3393)
Time: Tue Nov  7 21:49:16 2023 India Standard Time elapsed time: 0.572498 seconds (0d 0h 0m 0s)

---------------  T H R E A D  ---------------

Current thread (0x000002908a42f4a0):  JavaThread "main" [_thread_in_vm, id=19676, stack(0x000000c3fc000000,0x000000c3fc100000)]

Stack: [0x000000c3fc000000,0x000000c3fc100000]
Native frames: (J=compiled Java code, j=interpreted, Vv=VM code, C=native code)
V  [jvm.dll+0x683c9a]
V  [jvm.dll+0x8427a4]
V  [jvm.dll+0x843f9e]
V  [jvm.dll+0x844603]
V  [jvm.dll+0x249b75]
V  [jvm.dll+0x83e7fb]
V  [jvm.dll+0x628006]
V  [jvm.dll+0x1c194e]
V  [jvm.dll+0x62a941]
V  [jvm.dll+0x6289a6]
V  [jvm.dll+0x23ef80]
V  [jvm.dll+0x1ee40d]
V  [jvm.dll+0x1e3dcc]
V  [jvm.dll+0x547fed]
V  [jvm.dll+0x7bd3d5]
V  [jvm.dll+0x7bd4ee]
V  [jvm.dll+0x41182a]
V  [jvm.dll+0x4179a9]
C  [java.dll+0x17ec]

Java frames: (J=compiled Java code, j=interpreted, Vv=VM code)
j  java.lang.ClassLoader.defineClass1(Ljava/lang/ClassLoader;Ljava/lang/String;[BIILjava/security/ProtectionDomain;Ljava/lang/String;)Ljava/lang/Class;+0 java.base@17.0.6
j  java.lang.ClassLoader.defineClass(Ljava/lang/String;[BIILjava/security/ProtectionDomain;)Ljava/lang/Class;+27 java.base@17.0.6
j  java.security.SecureClassLoader.defineClass(Ljava/lang/String;[BIILjava/security/CodeSource;)Ljava/lang/Class;+12 java.base@17.0.6
j  java.net.URLClassLoader.defineClass(Ljava/lang/String;Ljdk/internal/loader/Resource;)Ljava/lang/Class;+220 java.base@17.0.6
j  java.net.URLClassLoader$1.run()Ljava/lang/Class;+43 java.base@17.0.6
j  java.net.URLClassLoader$1.run()Ljava/lang/Object;+1 java.base@17.0.6
j  java.security.AccessController.executePrivileged(Ljava/security/PrivilegedExceptionAction;Ljava/security/AccessControlContext;Ljava/lang/Class;)Ljava/lang/Object;+29 java.base@17.0.6
j  java.security.AccessController.doPrivileged(Ljava/security/PrivilegedExceptionAction;Ljava/security/AccessControlContext;)Ljava/lang/Object;+13 java.base@17.0.6
j  java.net.URLClassLoader.findClass(Ljava/lang/String;)Ljava/lang/Class;+13 java.base@17.0.6
j  java.lang.ClassLoader.loadClass(Ljava/lang/String;Z)Ljava/lang/Class;+69 java.base@17.0.6
j  java.lang.ClassLoader.loadClass(Ljava/lang/String;)Ljava/lang/Class;+3 java.base@17.0.6
v  ~StubRoutines::call_stub
j  org.gradle.api.internal.classpath.DefaultModuleRegistry.loadExternalModule(Ljava/lang/String;)Lorg/gradle/api/internal/classpath/Module;+79
j  org.gradle.api.internal.classpath.DefaultModuleRegistry.getExternalModule(Ljava/lang/String;)Lorg/gradle/api/internal/classpath/Module;+20
j  org.gradle.api.internal.DefaultClassPathProvider.findClassPath(Ljava/lang/String;)Lorg/gradle/internal/classpath/ClassPath;+452
j  org.gradle.api.internal.DefaultClassPathRegistry.getClassPath(Ljava/lang/String;)Lorg/gradle/internal/classpath/ClassPath;+31
j  org.gradle.launcher.bootstrap.ProcessBootstrap.runNoExit(Ljava/lang/String;[Ljava/lang/String;)V+43
j  org.gradle.launcher.bootstrap.ProcessBootstrap.run(Ljava/lang/String;[Ljava/lang/String;)V+2
v  ~StubRoutines::call_stub
j  jdk.internal.reflect.NativeMethodAccessorImpl.invoke0(Ljava/lang/reflect/Method;Ljava/lang/Object;[Ljava/lang/Object;)Ljava/lang/Object;+0 java.base@17.0.6
j  jdk.internal.reflect.NativeMethodAccessorImpl.invoke(Ljava/lang/Object;[Ljava/lang/Object;)Ljava/lang/Object;+133 java.base@17.0.6
j  jdk.internal.reflect.DelegatingMethodAccessorImpl.invoke(Ljava/lang/Object;[Ljava/lang/Object;)Ljava/lang/Object;+6 java.base@17.0.6
j  java.lang.reflect.Method.invoke(Ljava/lang/Object;[Ljava/lang/Object;)Ljava/lang/Object;+59 java.base@17.0.6
j  org.gradle.launcher.GradleMain.main([Ljava/lang/String;)V+100
v  ~StubRoutines::call_stub
j  jdk.internal.reflect.NativeMethodAccessorImpl.invoke0(Ljava/lang/reflect/Method;Ljava/lang/Object;[Ljava/lang/Object;)Ljava/lang/Object;+0 java.base@17.0.6
j  jdk.internal.reflect.NativeMethodAccessorImpl.invoke(Ljava/lang/Object;[Ljava/lang/Object;)Ljava/lang/Object;+133 java.base@17.0.6
j  jdk.internal.reflect.DelegatingMethodAccessorImpl.invoke(Ljava/lang/Object;[Ljava/lang/Object;)Ljava/lang/Object;+6 java.base@17.0.6
j  java.lang.reflect.Method.invoke(Ljava/lang/Object;[Ljava/lang/Object;)Ljava/lang/Object;+59 java.base@17.0.6
j  org.gradle.wrapper.BootstrapMainStarter.start([Ljava/lang/String;Ljava/io/File;)V+82
j  org.gradle.wrapper.WrapperExecutor.execute([Ljava/lang/String;Lorg/gradle/wrapper/Install;Lorg/gradle/wrapper/BootstrapMainStarter;)V+14
j  org.gradle.wrapper.GradleWrapperMain.main([Ljava/lang/String;)V+190
v  ~StubRoutines::call_stub

---------------  P R O C E S S  ---------------

Threads class SMR info:
_java_thread_list=0x00000290a4dc0610, length=12, elements={
0x000002908a42f4a0, 0x00000290a4c34260, 0x00000290a4c358a0, 0x00000290a4c68720,
0x00000290a4c6a0f0, 0x00000290a4c5e250, 0x00000290a4c5eb10, 0x00000290a4c62c00,
0x00000290a4c63500, 0x00000290a4c63e00, 0x00000290a4dd5d50, 0x00000290a4dd9240
}

Java Threads: ( => current thread )
=>0x000002908a42f4a0 JavaThread "main" [_thread_in_vm, id=19676, stack(0x000000c3fc000000,0x000000c3fc100000)]
  0x00000290a4c34260 JavaThread "Reference Handler" daemon [_thread_blocked, id=15452, stack(0x000000c3fc700000,0x000000c3fc800000)]
  0x00000290a4c358a0 JavaThread "Finalizer" daemon [_thread_blocked, id=20472, stack(0x000000c3fc800000,0x000000c3fc900000)]
  0x00000290a4c68720 JavaThread "Signal Dispatcher" daemon [_thread_blocked, id=13512, stack(0x000000c3fc900000,0x000000c3fca00000)]
  0x00000290a4c6a0f0 JavaThread "Attach Listener" daemon [_thread_blocked, id=21752, stack(0x000000c3fca00000,0x000000c3fcb00000)]
  0x00000290a4c5e250 JavaThread "Service Thread" daemon [_thread_blocked, id=8076, stack(0x000000c3fcb00000,0x000000c3fcc00000)]
  0x00000290a4c5eb10 JavaThread "Monitor Deflation Thread" daemon [_thread_blocked, id=15084, stack(0x000000c3fcc00000,0x000000c3fcd00000)]
  0x00000290a4c62c00 JavaThread "C2 CompilerThread0" daemon [_thread_blocked, id=10608, stack(0x000000c3fcd00000,0x000000c3fce00000)]
  0x00000290a4c63500 JavaThread "C1 CompilerThread0" daemon [_thread_blocked, id=4944, stack(0x000000c3fce00000,0x000000c3fcf00000)]
  0x00000290a4c63e00 JavaThread "Sweeper thread" daemon [_thread_blocked, id=21244, stack(0x000000c3fcf00000,0x000000c3fd000000)]
  0x00000290a4dd5d50 JavaThread "Notification Thread" daemon [_thread_blocked, id=9504, stack(0x000000c3fd000000,0x000000c3fd100000)]
  0x00000290a4dd9240 JavaThread "Common-Cleaner" daemon [_thread_blocked, id=3716, stack(0x000000c3fd200000,0x000000c3fd300000)]

Other Threads:
  0x00000290a4c20160 VMThread "VM Thread" [stack: 0x000000c3fc600000,0x000000c3fc700000] [id=13924]
  0x000002908a4a37a0 WatcherThread [stack: 0x000000c3fd100000,0x000000c3fd200000] [id=18756]
  0x000002908a48baa0 GCTaskThread "GC Thread#0" [stack: 0x000000c3fc100000,0x000000c3fc200000] [id=13288]
  0x000002908a49cb90 ConcurrentGCThread "G1 Main Marker" [stack: 0x000000c3fc200000,0x000000c3fc300000] [id=10976]
  0x000002908a49d4b0 ConcurrentGCThread "G1 Conc#0" [stack: 0x000000c3fc300000,0x000000c3fc400000] [id=3572]
  0x00000290a3fa8960 ConcurrentGCThread "G1 Refine#0" [stack: 0x000000c3fc400000,0x000000c3fc500000] [id=5592]
  0x00000290a3fab040 ConcurrentGCThread "G1 Service" [stack: 0x000000c3fc500000,0x000000c3fc600000] [id=19904]

Threads with active compile tasks:

VM state: not at safepoint (normal execution)

VM Mutex/Monitor currently owned by a thread:  ([mutex/lock_event])
[0x000002908a42aa30] Metaspace_lock - owner thread: 0x000002908a42f4a0

Heap address: 0x0000000082800000, size: 2008 MB, Compressed Oops mode: 32-bit

CDS archive(s) not mapped
Compressed class space mapped at: 0x0000000100000000-0x0000000140000000, reserved size: 1073741824
Narrow klass base: 0x0000000000000000, Narrow klass shift: 3, Narrow klass range: 0x140000000

GC Precious Log:
 CPUs: 8 total, 8 available
 Memory: 8029M
 Large Page Support: Disabled
 NUMA Support: Disabled
 Compressed Oops: Enabled (32-bit)
 Heap Region Size: 1M
 Heap Min Capacity: 8M
 Heap Initial Capacity: 126M
 Heap Max Capacity: 2008M
 Pre-touch: Disabled
 Parallel Workers: 8
 Concurrent Workers: 2
 Concurrent Refinement Workers: 8
 Periodic GC: Disabled

Heap:
 garbage-first heap   total 129024K, used 3072K [0x0000000082800000, 0x0000000100000000)
  region size 1024K, 4 young (4096K), 0 survivors (0K)
 Metaspace       used 8082K, committed 8192K, reserved 1056768K
  class space    used 717K, committed 768K, reserved 1048576K

Heap Regions: E=young(eden), S=young(survivor), O=old, HS=humongous(starts), HC=humongous(continues), CS=collection set, F=free, OA=open archive, CA=closed archive, TAMS=top-at-mark-start (previous, next)
|   0|0x0000000082800000, 0x0000000082800000, 0x0000000082900000|  0%| F|  |TAMS 0x0000000082800000, 0x0000000082800000| Untracked 
|   1|0x0000000082900000, 0x0000000082900000, 0x0000000082a00000|  0%| F|  |TAMS 0x0000000082900000, 0x0000000082900000| Untracked 
|   2|0x0000000082a00000, 0x0000000082a00000, 0x0000000082b00000|  0%| F|  |TAMS 0x0000000082a00000, 0x0000000082a00000| Untracked 
|   3|0x0000000082b00000, 0x0000000082b00000, 0x0000000082c00000|  0%| F|  |TAMS 0x0000000082b00000, 0x0000000082b00000| Untracked 
|   4|0x0000000082c00000, 0x0000000082c00000, 0x0000000082d00000|  0%| F|  |TAMS 0x0000000082c00000, 0x0000000082c00000| Untracked 
|   5|0x0000000082d00000, 0x0000000082d00000, 0x0000000082e00000|  0%| F|  |TAMS 0x0000000082d00000, 0x0000000082d00000| Untracked 
|   6|0x0000000082e00000, 0x0000000082e00000, 0x0000000082f00000|  0%| F|  |TAMS 0x0000000082e00000, 0x0000000082e00000| Untracked 
|   7|0x0000000082f00000, 0x0000000082f00000, 0x0000000083000000|  0%| F|  |TAMS 0x0000000082f00000, 0x0000000082f00000| Untracked 
|   8|0x0000000083000000, 0x0000000083000000, 0x0000000083100000|  0%| F|  |TAMS 0x0000000083000000, 0x0000000083000000| Untracked 
|   9|0x0000000083100000, 0x0000000083100000, 0x0000000083200000|  0%| F|  |TAMS 0x0000000083100000, 0x0000000083100000| Untracked 
|  10|0x0000000083200000, 0x0000000083200000, 0x0000000083300000|  0%| F|  |TAMS 0x0000000083200000, 0x0000000083200000| Untracked 
|  11|0x0000000083300000, 0x0000000083300000, 0x0000000083400000|  0%| F|  |TAMS 0x0000000083300000, 0x0000000083300000| Untracked 
|  12|0x0000000083400000, 0x0000000083400000, 0x0000000083500000|  0%| F|  |TAMS 0x0000000083400000, 0x0000000083400000| Untracked 
|  13|0x0000000083500000, 0x0000000083500000, 0x0000000083600000|  0%| F|  |TAMS 0x0000000083500000, 0x0000000083500000| Untracked 
|  14|0x0000000083600000, 0x0000000083600000, 0x0000000083700000|  0%| F|  |TAMS 0x0000000083600000, 0x0000000083600000| Untracked 
|  15|0x0000000083700000, 0x0000000083700000, 0x0000000083800000|  0%| F|  |TAMS 0x0000000083700000, 0x0000000083700000| Untracked 
|  16|0x0000000083800000, 0x0000000083800000, 0x0000000083900000|  0%| F|  |TAMS 0x0000000083800000, 0x0000000083800000| Untracked 
|  17|0x0000000083900000, 0x0000000083900000, 0x0000000083a00000|  0%| F|  |TAMS 0x0000000083900000, 0x0000000083900000| Untracked 
|  18|0x0000000083a00000, 0x0000000083a00000, 0x0000000083b00000|  0%| F|  |TAMS 0x0000000083a00000, 0x0000000083a00000| Untracked 
|  19|0x0000000083b00000, 0x0000000083b00000, 0x0000000083c00000|  0%| F|  |TAMS 0x0000000083b00000, 0x0000000083b00000| Untracked 
|  20|0x0000000083c00000, 0x0000000083c00000, 0x0000000083d00000|  0%| F|  |TAMS 0x0000000083c00000, 0x0000000083c00000| Untracked 
|  21|0x0000000083d00000, 0x0000000083d00000, 0x0000000083e00000|  0%| F|  |TAMS 0x0000000083d00000, 0x0000000083d00000| Untracked 
|  22|0x0000000083e00000, 0x0000000083e00000, 0x0000000083f00000|  0%| F|  |TAMS 0x0000000083e00000, 0x0000000083e00000| Untracked 
|  23|0x0000000083f00000, 0x0000000083f00000, 0x0000000084000000|  0%| F|  |TAMS 0x0000000083f00000, 0x0000000083f00000| Untracked 
|  24|0x0000000084000000, 0x0000000084000000, 0x0000000084100000|  0%| F|  |TAMS 0x0000000084000000, 0x0000000084000000| Untracked 
|  25|0x0000000084100000, 0x0000000084100000, 0x0000000084200000|  0%| F|  |TAMS 0x0000000084100000, 0x0000000084100000| Untracked 
|  26|0x0000000084200000, 0x0000000084200000, 0x0000000084300000|  0%| F|  |TAMS 0x0000000084200000, 0x0000000084200000| Untracked 
|  27|0x0000000084300000, 0x0000000084300000, 0x0000000084400000|  0%| F|  |TAMS 0x0000000084300000, 0x0000000084300000| Untracked 
|  28|0x0000000084400000, 0x0000000084400000, 0x0000000084500000|  0%| F|  |TAMS 0x0000000084400000, 0x0000000084400000| Untracked 
|  29|0x0000000084500000, 0x0000000084500000, 0x0000000084600000|  0%| F|  |TAMS 0x0000000084500000, 0x0000000084500000| Untracked 
|  30|0x0000000084600000, 0x0000000084600000, 0x0000000084700000|  0%| F|  |TAMS 0x0000000084600000, 0x0000000084600000| Untracked 
|  31|0x0000000084700000, 0x0000000084700000, 0x0000000084800000|  0%| F|  |TAMS 0x0000000084700000, 0x0000000084700000| Untracked 
|  32|0x0000000084800000, 0x0000000084800000, 0x0000000084900000|  0%| F|  |TAMS 0x0000000084800000, 0x0000000084800000| Untracked 
|  33|0x0000000084900000, 0x0000000084900000, 0x0000000084a00000|  0%| F|  |TAMS 0x0000000084900000, 0x0000000084900000| Untracked 
|  34|0x0000000084a00000, 0x0000000084a00000, 0x0000000084b00000|  0%| F|  |TAMS 0x0000000084a00000, 0x0000000084a00000| Untracked 
|  35|0x0000000084b00000, 0x0000000084b00000, 0x0000000084c00000|  0%| F|  |TAMS 0x0000000084b00000, 0x0000000084b00000| Untracked 
|  36|0x0000000084c00000, 0x0000000084c00000, 0x0000000084d00000|  0%| F|  |TAMS 0x0000000084c00000, 0x0000000084c00000| Untracked 
|  37|0x0000000084d00000, 0x0000000084d00000, 0x0000000084e00000|  0%| F|  |TAMS 0x0000000084d00000, 0x0000000084d00000| Untracked 
|  38|0x0000000084e00000, 0x0000000084e00000, 0x0000000084f00000|  0%| F|  |TAMS 0x0000000084e00000, 0x0000000084e00000| Untracked 
|  39|0x0000000084f00000, 0x0000000084f00000, 0x0000000085000000|  0%| F|  |TAMS 0x0000000084f00000, 0x0000000084f00000| Untracked 
|  40|0x0000000085000000, 0x0000000085000000, 0x0000000085100000|  0%| F|  |TAMS 0x0000000085000000, 0x0000000085000000| Untracked 
|  41|0x0000000085100000, 0x0000000085100000, 0x0000000085200000|  0%| F|  |TAMS 0x0000000085100000, 0x0000000085100000| Untracked 
|  42|0x0000000085200000, 0x0000000085200000, 0x0000000085300000|  0%| F|  |TAMS 0x0000000085200000, 0x0000000085200000| Untracked 
|  43|0x0000000085300000, 0x0000000085300000, 0x0000000085400000|  0%| F|  |TAMS 0x0000000085300000, 0x0000000085300000| Untracked 
|  44|0x0000000085400000, 0x0000000085400000, 0x0000000085500000|  0%| F|  |TAMS 0x0000000085400000, 0x0000000085400000| Untracked 
|  45|0x0000000085500000, 0x0000000085500000, 0x0000000085600000|  0%| F|  |TAMS 0x0000000085500000, 0x0000000085500000| Untracked 
|  46|0x0000000085600000, 0x0000000085600000, 0x0000000085700000|  0%| F|  |TAMS 0x0000000085600000, 0x0000000085600000| Untracked 
|  47|0x0000000085700000, 0x0000000085700000, 0x0000000085800000|  0%| F|  |TAMS 0x0000000085700000, 0x0000000085700000| Untracked 
|  48|0x0000000085800000, 0x0000000085800000, 0x0000000085900000|  0%| F|  |TAMS 0x0000000085800000, 0x0000000085800000| Untracked 
|  49|0x0000000085900000, 0x0000000085900000, 0x0000000085a00000|  0%| F|  |TAMS 0x0000000085900000, 0x0000000085900000| Untracked 
|  50|0x0000000085a00000, 0x0000000085a00000, 0x0000000085b00000|  0%| F|  |TAMS 0x0000000085a00000, 0x0000000085a00000| Untracked 
|  51|0x0000000085b00000, 0x0000000085b00000, 0x0000000085c00000|  0%| F|  |TAMS 0x0000000085b00000, 0x0000000085b00000| Untracked 
|  52|0x0000000085c00000, 0x0000000085c00000, 0x0000000085d00000|  0%| F|  |TAMS 0x0000000085c00000, 0x0000000085c00000| Untracked 
|  53|0x0000000085d00000, 0x0000000085d00000, 0x0000000085e00000|  0%| F|  |TAMS 0x0000000085d00000, 0x0000000085d00000| Untracked 
|  54|0x0000000085e00000, 0x0000000085e00000, 0x0000000085f00000|  0%| F|  |TAMS 0x0000000085e00000, 0x0000000085e00000| Untracked 
|  55|0x0000000085f00000, 0x0000000085f00000, 0x0000000086000000|  0%| F|  |TAMS 0x0000000085f00000, 0x0000000085f00000| Untracked 
|  56|0x0000000086000000, 0x0000000086000000, 0x0000000086100000|  0%| F|  |TAMS 0x0000000086000000, 0x0000000086000000| Untracked 
|  57|0x0000000086100000, 0x0000000086100000, 0x0000000086200000|  0%| F|  |TAMS 0x0000000086100000, 0x0000000086100000| Untracked 
|  58|0x0000000086200000, 0x0000000086200000, 0x0000000086300000|  0%| F|  |TAMS 0x0000000086200000, 0x0000000086200000| Untracked 
|  59|0x0000000086300000, 0x0000000086300000, 0x0000000086400000|  0%| F|  |TAMS 0x0000000086300000, 0x0000000086300000| Untracked 
|  60|0x0000000086400000, 0x0000000086400000, 0x0000000086500000|  0%| F|  |TAMS 0x0000000086400000, 0x0000000086400000| Untracked 
|  61|0x0000000086500000, 0x0000000086500000, 0x0000000086600000|  0%| F|  |TAMS 0x0000000086500000, 0x0000000086500000| Untracked 
|  62|0x0000000086600000, 0x0000000086600000, 0x0000000086700000|  0%| F|  |TAMS 0x0000000086600000, 0x0000000086600000| Untracked 
|  63|0x0000000086700000, 0x0000000086700000, 0x0000000086800000|  0%| F|  |TAMS 0x0000000086700000, 0x0000000086700000| Untracked 
|  64|0x0000000086800000, 0x0000000086800000, 0x0000000086900000|  0%| F|  |TAMS 0x0000000086800000, 0x0000000086800000| Untracked 
|  65|0x0000000086900000, 0x0000000086900000, 0x0000000086a00000|  0%| F|  |TAMS 0x0000000086900000, 0x0000000086900000| Untracked 
|  66|0x0000000086a00000, 0x0000000086a00000, 0x0000000086b00000|  0%| F|  |TAMS 0x0000000086a00000, 0x0000000086a00000| Untracked 
|  67|0x0000000086b00000, 0x0000000086b00000, 0x0000000086c00000|  0%| F|  |TAMS 0x0000000086b00000, 0x0000000086b00000| Untracked 
|  68|0x0000000086c00000, 0x0000000086c00000, 0x0000000086d00000|  0%| F|  |TAMS 0x0000000086c00000, 0x0000000086c00000| Untracked 
|  69|0x0000000086d00000, 0x0000000086d00000, 0x0000000086e00000|  0%| F|  |TAMS 0x0000000086d00000, 0x0000000086d00000| Untracked 
|  70|0x0000000086e00000, 0x0000000086e00000, 0x0000000086f00000|  0%| F|  |TAMS 0x0000000086e00000, 0x0000000086e00000| Untracked 
|  71|0x0000000086f00000, 0x0000000086f00000, 0x0000000087000000|  0%| F|  |TAMS 0x0000000086f00000, 0x0000000086f00000| Untracked 
|  72|0x0000000087000000, 0x0000000087000000, 0x0000000087100000|  0%| F|  |TAMS 0x0000000087000000, 0x0000000087000000| Untracked 
|  73|0x0000000087100000, 0x0000000087100000, 0x0000000087200000|  0%| F|  |TAMS 0x0000000087100000, 0x0000000087100000| Untracked 
|  74|0x0000000087200000, 0x0000000087200000, 0x0000000087300000|  0%| F|  |TAMS 0x0000000087200000, 0x0000000087200000| Untracked 
|  75|0x0000000087300000, 0x0000000087300000, 0x0000000087400000|  0%| F|  |TAMS 0x0000000087300000, 0x0000000087300000| Untracked 
|  76|0x0000000087400000, 0x0000000087400000, 0x0000000087500000|  0%| F|  |TAMS 0x0000000087400000, 0x0000000087400000| Untracked 
|  77|0x0000000087500000, 0x0000000087500000, 0x0000000087600000|  0%| F|  |TAMS 0x0000000087500000, 0x0000000087500000| Untracked 
|  78|0x0000000087600000, 0x0000000087600000, 0x0000000087700000|  0%| F|  |TAMS 0x0000000087600000, 0x0000000087600000| Untracked 
|  79|0x0000000087700000, 0x0000000087700000, 0x0000000087800000|  0%| F|  |TAMS 0x0000000087700000, 0x0000000087700000| Untracked 
|  80|0x0000000087800000, 0x0000000087800000, 0x0000000087900000|  0%| F|  |TAMS 0x0000000087800000, 0x0000000087800000| Untracked 
|  81|0x0000000087900000, 0x0000000087900000, 0x0000000087a00000|  0%| F|  |TAMS 0x0000000087900000, 0x0000000087900000| Untracked 
|  82|0x0000000087a00000, 0x0000000087a00000, 0x0000000087b00000|  0%| F|  |TAMS 0x0000000087a00000, 0x0000000087a00000| Untracked 
|  83|0x0000000087b00000, 0x0000000087b00000, 0x0000000087c00000|  0%| F|  |TAMS 0x0000000087b00000, 0x0000000087b00000| Untracked 
|  84|0x0000000087c00000, 0x0000000087c00000, 0x0000000087d00000|  0%| F|  |TAMS 0x0000000087c00000, 0x0000000087c00000| Untracked 
|  85|0x0000000087d00000, 0x0000000087d00000, 0x0000000087e00000|  0%| F|  |TAMS 0x0000000087d00000, 0x0000000087d00000| Untracked 
|  86|0x0000000087e00000, 0x0000000087e00000, 0x0000000087f00000|  0%| F|  |TAMS 0x0000000087e00000, 0x0000000087e00000| Untracked 
|  87|0x0000000087f00000, 0x0000000087f00000, 0x0000000088000000|  0%| F|  |TAMS 0x0000000087f00000, 0x0000000087f00000| Untracked 
|  88|0x0000000088000000, 0x0000000088000000, 0x0000000088100000|  0%| F|  |TAMS 0x0000000088000000, 0x0000000088000000| Untracked 
|  89|0x0000000088100000, 0x0000000088100000, 0x0000000088200000|  0%| F|  |TAMS 0x0000000088100000, 0x0000000088100000| Untracked 
|  90|0x0000000088200000, 0x0000000088200000, 0x0000000088300000|  0%| F|  |TAMS 0x0000000088200000, 0x0000000088200000| Untracked 
|  91|0x0000000088300000, 0x0000000088300000, 0x0000000088400000|  0%| F|  |TAMS 0x0000000088300000, 0x0000000088300000| Untracked 
|  92|0x0000000088400000, 0x0000000088400000, 0x0000000088500000|  0%| F|  |TAMS 0x0000000088400000, 0x0000000088400000| Untracked 
|  93|0x0000000088500000, 0x0000000088500000, 0x0000000088600000|  0%| F|  |TAMS 0x0000000088500000, 0x0000000088500000| Untracked 
|  94|0x0000000088600000, 0x0000000088600000, 0x0000000088700000|  0%| F|  |TAMS 0x0000000088600000, 0x0000000088600000| Untracked 
|  95|0x0000000088700000, 0x0000000088700000, 0x0000000088800000|  0%| F|  |TAMS 0x0000000088700000, 0x0000000088700000| Untracked 
|  96|0x0000000088800000, 0x0000000088800000, 0x0000000088900000|  0%| F|  |TAMS 0x0000000088800000, 0x0000000088800000| Untracked 
|  97|0x0000000088900000, 0x0000000088900000, 0x0000000088a00000|  0%| F|  |TAMS 0x0000000088900000, 0x0000000088900000| Untracked 
|  98|0x0000000088a00000, 0x0000000088a00000, 0x0000000088b00000|  0%| F|  |TAMS 0x0000000088a00000, 0x0000000088a00000| Untracked 
|  99|0x0000000088b00000, 0x0000000088b00000, 0x0000000088c00000|  0%| F|  |TAMS 0x0000000088b00000, 0x0000000088b00000| Untracked 
| 100|0x0000000088c00000, 0x0000000088c00000, 0x0000000088d00000|  0%| F|  |TAMS 0x0000000088c00000, 0x0000000088c00000| Untracked 
| 101|0x0000000088d00000, 0x0000000088d00000, 0x0000000088e00000|  0%| F|  |TAMS 0x0000000088d00000, 0x0000000088d00000| Untracked 
| 102|0x0000000088e00000, 0x0000000088e00000, 0x0000000088f00000|  0%| F|  |TAMS 0x0000000088e00000, 0x0000000088e00000| Untracked 
| 103|0x0000000088f00000, 0x0000000088f00000, 0x0000000089000000|  0%| F|  |TAMS 0x0000000088f00000, 0x0000000088f00000| Untracked 
| 104|0x0000000089000000, 0x0000000089000000, 0x0000000089100000|  0%| F|  |TAMS 0x0000000089000000, 0x0000000089000000| Untracked 
| 105|0x0000000089100000, 0x0000000089100000, 0x0000000089200000|  0%| F|  |TAMS 0x0000000089100000, 0x0000000089100000| Untracked 
| 106|0x0000000089200000, 0x0000000089200000, 0x0000000089300000|  0%| F|  |TAMS 0x0000000089200000, 0x0000000089200000| Untracked 
| 107|0x0000000089300000, 0x0000000089300000, 0x0000000089400000|  0%| F|  |TAMS 0x0000000089300000, 0x0000000089300000| Untracked 
| 108|0x0000000089400000, 0x0000000089400000, 0x0000000089500000|  0%| F|  |TAMS 0x0000000089400000, 0x0000000089400000| Untracked 
| 109|0x0000000089500000, 0x0000000089500000, 0x0000000089600000|  0%| F|  |TAMS 0x0000000089500000, 0x0000000089500000| Untracked 
| 110|0x0000000089600000, 0x0000000089600000, 0x0000000089700000|  0%| F|  |TAMS 0x0000000089600000, 0x0000000089600000| Untracked 
| 111|0x0000000089700000, 0x0000000089700000, 0x0000000089800000|  0%| F|  |TAMS 0x0000000089700000, 0x0000000089700000| Untracked 
| 112|0x0000000089800000, 0x0000000089800000, 0x0000000089900000|  0%| F|  |TAMS 0x0000000089800000, 0x0000000089800000| Untracked 
| 113|0x0000000089900000, 0x0000000089900000, 0x0000000089a00000|  0%| F|  |TAMS 0x0000000089900000, 0x0000000089900000| Untracked 
| 114|0x0000000089a00000, 0x0000000089a00000, 0x0000000089b00000|  0%| F|  |TAMS 0x0000000089a00000, 0x0000000089a00000| Untracked 
| 115|0x0000000089b00000, 0x0000000089b00000, 0x0000000089c00000|  0%| F|  |TAMS 0x0000000089b00000, 0x0000000089b00000| Untracked 
| 116|0x0000000089c00000, 0x0000000089c00000, 0x0000000089d00000|  0%| F|  |TAMS 0x0000000089c00000, 0x0000000089c00000| Untracked 
| 117|0x0000000089d00000, 0x0000000089d00000, 0x0000000089e00000|  0%| F|  |TAMS 0x0000000089d00000, 0x0000000089d00000| Untracked 
| 118|0x0000000089e00000, 0x0000000089e00000, 0x0000000089f00000|  0%| F|  |TAMS 0x0000000089e00000, 0x0000000089e00000| Untracked 
| 119|0x0000000089f00000, 0x0000000089f00000, 0x000000008a000000|  0%| F|  |TAMS 0x0000000089f00000, 0x0000000089f00000| Untracked 
| 120|0x000000008a000000, 0x000000008a000000, 0x000000008a100000|  0%| F|  |TAMS 0x000000008a000000, 0x000000008a000000| Untracked 
| 121|0x000000008a100000, 0x000000008a100000, 0x000000008a200000|  0%| F|  |TAMS 0x000000008a100000, 0x000000008a100000| Untracked 
| 122|0x000000008a200000, 0x000000008a2ec0d8, 0x000000008a300000| 92%| E|  |TAMS 0x000000008a200000, 0x000000008a200000| Complete 
| 123|0x000000008a300000, 0x000000008a400000, 0x000000008a400000|100%| E|CS|TAMS 0x000000008a300000, 0x000000008a300000| Complete 
| 124|0x000000008a400000, 0x000000008a500000, 0x000000008a500000|100%| E|CS|TAMS 0x000000008a400000, 0x000000008a400000| Complete 
| 125|0x000000008a500000, 0x000000008a600000, 0x000000008a600000|100%| E|CS|TAMS 0x000000008a500000, 0x000000008a500000| Complete 

Card table byte_map: [0x000002909d030000,0x000002909d420000] _byte_map_base: 0x000002909cc1c000

Marking Bits (Prev, Next): (CMBitMap*) 0x000002908a48bfc0, (CMBitMap*) 0x000002908a48c000
 Prev Bits: [0x000002909d810000, 0x000002909f770000)
 Next Bits: [0x000002909f770000, 0x00000290a16d0000)

Polling page: 0x0000029088390000

Metaspace:

Usage:
  Non-class:      7.19 MB used.
      Class:    717.59 KB used.
       Both:      7.89 MB used.

Virtual space:
  Non-class space:        8.00 MB reserved,       7.25 MB ( 91%) committed,  1 nodes.
      Class space:        1.00 GB reserved,     768.00 KB ( <1%) committed,  1 nodes.
             Both:        1.01 GB reserved,       8.00 MB ( <1%) committed. 

Chunk freelists:
   Non-Class:  368.00 KB
       Class:  3.20 MB
        Both:  3.56 MB

MaxMetaspaceSize: unlimited
CompressedClassSpaceSize: 1.00 GB
Initial GC threshold: 21.00 MB
Current GC threshold: 21.00 MB
CDS: off
MetaspaceReclaimPolicy: balanced
 - commit_granule_bytes: 65536.
 - commit_granule_words: 8192.
 - virtual_space_node_default_size: 1048576.
 - enlarge_chunks_in_place: 1.
 - new_chunks_are_fully_committed: 0.
 - uncommit_free_chunks: 1.
 - use_allocation_guard: 0.
 - handle_deallocations: 1.


Internal statistics:

num_allocs_failed_limit: 0.
num_arena_births: 10.
num_arena_deaths: 0.
num_vsnodes_births: 2.
num_vsnodes_deaths: 0.
num_space_committed: 128.
num_space_uncommitted: 0.
num_chunks_returned_to_freelist: 0.
num_chunks_taken_from_freelist: 46.
num_chunk_merges: 0.
num_chunk_splits: 20.
num_chunks_enlarged: 15.
num_purges: 0.
num_inconsistent_stats: 0.

CodeHeap 'non-profiled nmethods': size=120000Kb used=91Kb max_used=91Kb free=119909Kb
 bounds [0x00000290953d0000, 0x0000029095640000, 0x000002909c900000]
CodeHeap 'profiled nmethods': size=120000Kb used=422Kb max_used=422Kb free=119577Kb
 bounds [0x000002908d900000, 0x000002908db70000, 0x0000029094e30000]
CodeHeap 'non-nmethods': size=5760Kb used=1123Kb max_used=1138Kb free=4637Kb
 bounds [0x0000029094e30000, 0x00000290950a0000, 0x00000290953d0000]
 total_blobs=724 nmethods=318 adapters=319
 compilation: enabled
              stopped_count=0, restarted_count=0
 full_count=0

Compilation events (20 events):
Event: 0.560 Thread 0x00000290a4c63500 nmethod 306 0x000002908d963a10 code [0x000002908d963ce0, 0x000002908d964ec8]
Event: 0.560 Thread 0x00000290a4c63500  308       3       java.lang.AbstractStringBuilder::checkRange (63 bytes)
Event: 0.561 Thread 0x00000290a4c63500 nmethod 308 0x000002908d965890 code [0x000002908d965b20, 0x000002908d966458]
Event: 0.561 Thread 0x00000290a4c63500  309       3       java.lang.StringBuilder::append (10 bytes)
Event: 0.561 Thread 0x00000290a4c63500 nmethod 309 0x000002908d966810 code [0x000002908d9669a0, 0x000002908d966ae8]
Event: 0.561 Thread 0x00000290a4c63500  310       3       java.lang.StringConcatHelper::newArray (40 bytes)
Event: 0.561 Thread 0x00000290a4c63500 nmethod 310 0x000002908d966b90 code [0x000002908d966d60, 0x000002908d967098]
Event: 0.562 Thread 0x00000290a4c63500  311       1       java.lang.Class::getModule (5 bytes)
Event: 0.562 Thread 0x00000290a4c63500 nmethod 311 0x00000290953e5a10 code [0x00000290953e5ba0, 0x00000290953e5c78]
Event: 0.562 Thread 0x00000290a4c63500  312       3       java.lang.ref.WeakReference::<init> (7 bytes)
Event: 0.562 Thread 0x00000290a4c63500 nmethod 312 0x000002908d967190 code [0x000002908d967340, 0x000002908d967618]
Event: 0.562 Thread 0x00000290a4c62c00  314       4       java.lang.StringLatin1::lastIndexOf (40 bytes)
Event: 0.564 Thread 0x00000290a4c63500  315       3       java.lang.String::regionMatches (150 bytes)
Event: 0.564 Thread 0x00000290a4c63500 nmethod 315 0x000002908d967710 code [0x000002908d967960, 0x000002908d968168]
Event: 0.564 Thread 0x00000290a4c63500  316       3       java.lang.StringLatin1::regionMatchesCI (98 bytes)
Event: 0.565 Thread 0x00000290a4c63500 nmethod 316 0x000002908d968410 code [0x000002908d968640, 0x000002908d968d78]
Event: 0.565 Thread 0x00000290a4c62c00 nmethod 314 0x00000290953e6110 code [0x00000290953e6280, 0x00000290953e6438]
Event: 0.569 Thread 0x00000290a4c62c00  317 %     4       java.lang.StringLatin1::inflate @ 3 (34 bytes)
Event: 0.569 Thread 0x00000290a4c63500  318       3       java.util.regex.Matcher::reset (128 bytes)
Event: 0.569 Thread 0x00000290a4c63500 nmethod 318 0x000002908d969110 code [0x000002908d969300, 0x000002908d969898]

GC Heap History (0 events):
No events

Dll operation events (2 events):
Event: 0.010 Loaded shared library C:\Program Files\Android\Android Studio\jbr\bin\java.dll
Event: 0.278 Loaded shared library C:\Program Files\Android\Android Studio\jbr\bin\verify.dll

Deoptimization events (20 events):
Event: 0.470 Thread 0x000002908a42f4a0 DEOPT PACKING pc=0x000002908d94aa0c sp=0x000000c3fc0f9660
Event: 0.470 Thread 0x000002908a42f4a0 DEOPT UNPACKING pc=0x0000029094e87143 sp=0x000000c3fc0f8af0 mode 0
Event: 0.470 Thread 0x000002908a42f4a0 DEOPT PACKING pc=0x000002908d94aa0c sp=0x000000c3fc0f9660
Event: 0.470 Thread 0x000002908a42f4a0 DEOPT UNPACKING pc=0x0000029094e87143 sp=0x000000c3fc0f8af0 mode 0
Event: 0.470 Thread 0x000002908a42f4a0 DEOPT PACKING pc=0x000002908d94aa0c sp=0x000000c3fc0f9660
Event: 0.470 Thread 0x000002908a42f4a0 DEOPT UNPACKING pc=0x0000029094e87143 sp=0x000000c3fc0f8af0 mode 0
Event: 0.470 Thread 0x000002908a42f4a0 DEOPT PACKING pc=0x000002908d94aa0c sp=0x000000c3fc0f9660
Event: 0.470 Thread 0x000002908a42f4a0 DEOPT UNPACKING pc=0x0000029094e87143 sp=0x000000c3fc0f8af0 mode 0
Event: 0.470 Thread 0x000002908a42f4a0 DEOPT PACKING pc=0x000002908d94aa0c sp=0x000000c3fc0f9660
Event: 0.470 Thread 0x000002908a42f4a0 DEOPT UNPACKING pc=0x0000029094e87143 sp=0x000000c3fc0f8af0 mode 0
Event: 0.470 Thread 0x000002908a42f4a0 DEOPT PACKING pc=0x000002908d94aa0c sp=0x000000c3fc0f9660
Event: 0.470 Thread 0x000002908a42f4a0 DEOPT UNPACKING pc=0x0000029094e87143 sp=0x000000c3fc0f8af0 mode 0
Event: 0.470 Thread 0x000002908a42f4a0 DEOPT PACKING pc=0x000002908d94aa0c sp=0x000000c3fc0f9660
Event: 0.470 Thread 0x000002908a42f4a0 DEOPT UNPACKING pc=0x0000029094e87143 sp=0x000000c3fc0f8af0 mode 0
Event: 0.477 Thread 0x000002908a42f4a0 DEOPT PACKING pc=0x000002908d915567 sp=0x000000c3fc0fab00
Event: 0.477 Thread 0x000002908a42f4a0 DEOPT UNPACKING pc=0x0000029094e87143 sp=0x000000c3fc0f9f20 mode 0
Event: 0.488 Thread 0x000002908a42f4a0 DEOPT PACKING pc=0x000002908d913dd1 sp=0x000000c3fc0fd510
Event: 0.488 Thread 0x000002908a42f4a0 DEOPT UNPACKING pc=0x0000029094e87143 sp=0x000000c3fc0fc988 mode 0
Event: 0.546 Thread 0x000002908a42f4a0 DEOPT PACKING pc=0x000002908d92ebfe sp=0x000000c3fc0fd420
Event: 0.546 Thread 0x000002908a42f4a0 DEOPT UNPACKING pc=0x0000029094e87143 sp=0x000000c3fc0fc890 mode 0

Classes unloaded (0 events):
No events

Classes redefined (0 events):
No events

Internal exceptions (1 events):
Event: 0.479 Thread 0x000002908a42f4a0 Exception <a 'java/lang/NoSuchMethodError'{0x000000008a22c538}: 'int java.lang.invoke.DirectMethodHandle$Holder.invokeStaticInit(java.lang.Object, java.lang.Object)'> (0x000000008a22c538) 
thrown [s\src\hotspot\share\interpreter\linkResolver.cpp, line 771]

VM Operations (2 events):
Event: 0.267 Executing VM operation: HandshakeAllThreads
Event: 0.267 Executing VM operation: HandshakeAllThreads done

Events (20 events):
Event: 0.479 loading class java/lang/NoSuchMethodError
Event: 0.479 loading class java/lang/IncompatibleClassChangeError
Event: 0.479 loading class java/lang/IncompatibleClassChangeError done
Event: 0.479 loading class java/lang/NoSuchMethodError done
Event: 0.483 loading class java/net/MalformedURLException
Event: 0.483 loading class java/net/MalformedURLException done
Event: 0.485 loading class java/io/FileFilter
Event: 0.485 loading class java/io/FileFilter done
Event: 0.546 loading class java/util/Collections$UnmodifiableList
Event: 0.547 loading class java/util/Collections$UnmodifiableList done
Event: 0.547 loading class java/util/Collections$UnmodifiableRandomAccessList
Event: 0.547 loading class java/util/Collections$UnmodifiableRandomAccessList done
Event: 0.552 loading class java/util/AbstractList$Itr
Event: 0.552 loading class java/util/AbstractList$Itr done
Event: 0.553 loading class java/util/zip/ZipException
Event: 0.553 loading class java/util/zip/ZipException done
Event: 0.554 loading class java/util/ArrayList$SubList
Event: 0.555 loading class java/util/ArrayList$SubList done
Event: 0.565 loading class java/util/Collections$UnmodifiableCollection$1
Event: 0.565 loading class java/util/Collections$UnmodifiableCollection$1 done


Dynamic libraries:
0x00007ff6810f0000 - 0x00007ff6810fa000 	C:\Program Files\Android\Android Studio\jbr\bin\java.exe
0x00007ff967e90000 - 0x00007ff968088000 	C:\WINDOWS\SYSTEM32\ntdll.dll
0x00007ff967b10000 - 0x00007ff967bcd000 	C:\WINDOWS\System32\KERNEL32.DLL
0x00007ff9659d0000 - 0x00007ff965cc6000 	C:\WINDOWS\System32\KERNELBASE.dll
0x00007ff965cd0000 - 0x00007ff965dd0000 	C:\WINDOWS\System32\ucrtbase.dll
0x00007ff948030000 - 0x00007ff948047000 	C:\Program Files\Android\Android Studio\jbr\bin\jli.dll
0x00007ff935690000 - 0x00007ff9356ab000 	C:\Program Files\Android\Android Studio\jbr\bin\VCRUNTIME140.dll
0x00007ff9662d0000 - 0x00007ff96646e000 	C:\WINDOWS\System32\USER32.dll
0x00007ff965570000 - 0x00007ff965592000 	C:\WINDOWS\System32\win32u.dll
0x00007ff94e2d0000 - 0x00007ff94e56a000 	C:\WINDOWS\WinSxS\amd64_microsoft.windows.common-controls_6595b64144ccf1df_6.0.19041.1110_none_60b5254171f9507e\COMCTL32.dll
0x00007ff967230000 - 0x00007ff96725c000 	C:\WINDOWS\System32\GDI32.dll
0x00007ff967bd0000 - 0x00007ff967c6e000 	C:\WINDOWS\System32\msvcrt.dll
0x00007ff9658b0000 - 0x00007ff9659ca000 	C:\WINDOWS\System32\gdi32full.dll
0x00007ff965660000 - 0x00007ff9656fd000 	C:\WINDOWS\System32\msvcp_win.dll
0x00007ff967e20000 - 0x00007ff967e50000 	C:\WINDOWS\System32\IMM32.DLL
0x00007ff95d9a0000 - 0x00007ff95d9ac000 	C:\Program Files\Android\Android Studio\jbr\bin\vcruntime140_1.dll
0x00007ff91c190000 - 0x00007ff91c21d000 	C:\Program Files\Android\Android Studio\jbr\bin\msvcp140.dll
0x00007ff89afd0000 - 0x00007ff89bc3e000 	C:\Program Files\Android\Android Studio\jbr\bin\server\jvm.dll
0x00007ff9670f0000 - 0x00007ff96719e000 	C:\WINDOWS\System32\ADVAPI32.dll
0x00007ff9660a0000 - 0x00007ff96613c000 	C:\WINDOWS\System32\sechost.dll
0x00007ff9675d0000 - 0x00007ff9676f6000 	C:\WINDOWS\System32\RPCRT4.dll
0x00007ff95f930000 - 0x00007ff95f939000 	C:\WINDOWS\SYSTEM32\WSOCK32.dll
0x00007ff951b00000 - 0x00007ff951b27000 	C:\WINDOWS\SYSTEM32\WINMM.dll
0x00007ff966260000 - 0x00007ff9662cb000 	C:\WINDOWS\System32\WS2_32.dll
0x00007ff962b40000 - 0x00007ff962b4a000 	C:\WINDOWS\SYSTEM32\VERSION.dll
0x00007ff963de0000 - 0x00007ff963df2000 	C:\WINDOWS\SYSTEM32\kernel.appcore.dll
0x00007ff955990000 - 0x00007ff95599a000 	C:\Program Files\Android\Android Studio\jbr\bin\jimage.dll
0x00007ff963300000 - 0x00007ff9634e4000 	C:\WINDOWS\SYSTEM32\DBGHELP.DLL
0x00007ff94b150000 - 0x00007ff94b184000 	C:\WINDOWS\SYSTEM32\dbgcore.DLL
0x00007ff9655d0000 - 0x00007ff965652000 	C:\WINDOWS\System32\bcryptPrimitives.dll
0x00007ff9353c0000 - 0x00007ff9353e5000 	C:\Program Files\Android\Android Studio\jbr\bin\java.dll
0x00007ff935670000 - 0x00007ff935688000 	C:\Program Files\Android\Android Studio\jbr\bin\zip.dll
0x00007ff966470000 - 0x00007ff966bb5000 	C:\WINDOWS\System32\SHELL32.dll
0x00007ff9635e0000 - 0x00007ff963d7b000 	C:\WINDOWS\SYSTEM32\windows.storage.dll
0x00007ff967260000 - 0x00007ff9675b4000 	C:\WINDOWS\System32\combase.dll
0x00007ff964fb0000 - 0x00007ff964fde000 	C:\WINDOWS\SYSTEM32\Wldp.dll
0x00007ff967840000 - 0x00007ff9678ed000 	C:\WINDOWS\System32\SHCORE.dll
0x00007ff967ab0000 - 0x00007ff967b05000 	C:\WINDOWS\System32\shlwapi.dll
0x00007ff9654a0000 - 0x00007ff9654c5000 	C:\WINDOWS\SYSTEM32\profapi.dll
0x00007ff929820000 - 0x00007ff929839000 	C:\Program Files\Android\Android Studio\jbr\bin\net.dll
0x00007ff95cc90000 - 0x00007ff95cd9a000 	C:\WINDOWS\SYSTEM32\WINHTTP.dll
0x00007ff964d10000 - 0x00007ff964d7a000 	C:\WINDOWS\system32\mswsock.dll
0x00007ff9291c0000 - 0x00007ff9291d6000 	C:\Program Files\Android\Android Studio\jbr\bin\nio.dll
0x00007ff939870000 - 0x00007ff939880000 	C:\Program Files\Android\Android Studio\jbr\bin\verify.dll

dbghelp: loaded successfully - version: 4.0.5 - missing functions: none
symbol engine: initialized successfully - sym options: 0x614 - pdb path: .;C:\Program Files\Android\Android Studio\jbr\bin;C:\WINDOWS\SYSTEM32;C:\WINDOWS\WinSxS\amd64_microsoft.windows.common-controls_6595b64144ccf1df_6.0.19041.1110_none_60b5254171f9507e;C:\Program Files\Android\Android Studio\jbr\bin\server

VM Arguments:
jvm_args: -Dorg.gradle.appname=gradlew 
java_command: org.gradle.wrapper.GradleWrapperMain -q -Ptarget-platform=android-x64 -Ptarget=C:\Users\Ritesh\OneDrive\Desktop\Flutter Projects\Internship\design_in_flutter\lib\main.dart -Pbase-application-name=android.app.Application -Pdart-defines=Zmx1dHRlci5pbnNwZWN0b3Iuc3RydWN0dXJlZEVycm9ycz1mYWxzZQ==,RkxVVFRFUl9XRUJfQVVUT19ERVRFQ1Q9dHJ1ZQ==,RkxVVFRFUl9XRUJfQ0FOVkFTS0lUX1VSTD1odHRwczovL3d3dy5nc3RhdGljLmNvbS9mbHV0dGVyLWNhbnZhc2tpdC8xYWM2MTFjNjRlYWRiZDkzYzVmNWFiYTU0OTRiOGZjM2IzNWVlOTUyLw== -Pdart-obfuscation=false -Ptrack-widget-creation=true -Ptree-shake-icons=false -Pfilesystem-scheme=org-dartlang-root assembleDebug
java_class_path (initial): C:\Users\Ritesh\OneDrive\Desktop\Flutter Projects\Internship\design_in_flutter\android\\gradle\wrapper\gradle-wrapper.jar
Launcher Type: SUN_STANDARD

[Global flags]
     intx CICompilerCount                          = 4                                         {product} {ergonomic}
     uint ConcGCThreads                            = 2                                         {product} {ergonomic}
     uint G1ConcRefinementThreads                  = 8                                         {product} {ergonomic}
   size_t G1HeapRegionSize                         = 1048576                                   {product} {ergonomic}
    uintx GCDrainStackTargetSize                   = 64                                        {product} {ergonomic}
   size_t InitialHeapSize                          = 132120576                                 {product} {ergonomic}
   size_t MarkStackSize                            = 4194304                                   {product} {ergonomic}
   size_t MaxHeapSize                              = 2105540608                                {product} {ergonomic}
   size_t MaxNewSize                               = 1262485504                                {product} {ergonomic}
   size_t MinHeapDeltaBytes                        = 1048576                                   {product} {ergonomic}
   size_t MinHeapSize                              = 8388608                                   {product} {ergonomic}
    uintx NonNMethodCodeHeapSize                   = 5839372                                {pd product} {ergonomic}
    uintx NonProfiledCodeHeapSize                  = 122909434                              {pd product} {ergonomic}
    uintx ProfiledCodeHeapSize                     = 122909434                              {pd product} {ergonomic}
    uintx ReservedCodeCacheSize                    = 251658240                              {pd product} {ergonomic}
     bool SegmentedCodeCache                       = true                                      {product} {ergonomic}
   size_t SoftMaxHeapSize                          = 2105540608                             {manageable} {ergonomic}
     bool UseCompressedClassPointers               = true                           {product lp64_product} {ergonomic}
     bool UseCompressedOops                        = true                           {product lp64_product} {ergonomic}
     bool UseG1GC                                  = true                                      {product} {ergonomic}
     bool UseLargePagesIndividualAllocation        = false                                  {pd product} {ergonomic}

Logging:
Log output configuration:
 #0: stdout all=warning uptime,level,tags
 #1: stderr all=off uptime,level,tags

Environment Variables:
JAVA_HOME=C:\Program Files\Android\Android Studio\jbr
CLASSPATH=C:\Users\Ritesh\OneDrive\Desktop\Flutter Projects\Internship\design_in_flutter\android\\gradle\wrapper\gradle-wrapper.jar
PATH=C:\Program Files\Android\Android Studio\jbr\bin;C:\Program Files\Google\Chrome\Application;C:\Program Files\Common Files\Oracle\Java\javapath;C:\Windows\system32;C:\Windows;C:\Windows\System32\Wbem;C:\Windows\System32\WindowsPowerShell\v1.0\;C:\Windows\System32\OpenSSH\;C:\Program Files (x86)\NVIDIA Corporation\PhysX\Common;C:\Program Files\NVIDIA Corporation\NVIDIA NvDLISR;C:\WINDOWS\system32;C:\WINDOWS;C:\WINDOWS\System32\Wbem;C:\WINDOWS\System32\WindowsPowerShell\v1.0\;C:\WINDOWS\System32\OpenSSH\;C:\Program Files\Git\cmd;C:\Program Files\Git\bin;C:\src\flutter\bin;C:\Program Files\dotnet\;C:\ProgramData\chocolatey\bin;C:\Users\Ritesh\AppData\Local\Microsoft\WindowsApps;C:\Users\Ritesh\AppData\Local\Programs\Microsoft VS Code\bin;C:\Users\Ritesh\.dotnet\tools;C:\tools\dart-sdk\bin;C:\Users\Ritesh\AppData\Roaming\Pub\Cache\bin;;C:\src\flutter\bin\mingit\cmd;C:\src\flutter\bin\mingit\cmd
USERNAME=Ritesh
OS=Windows_NT
PROCESSOR_IDENTIFIER=Intel64 Family 6 Model 165 Stepping 2, GenuineIntel
TMP=C:\Users\Ritesh\AppData\Local\Temp
TEMP=C:\Users\Ritesh\AppData\Local\Temp


JNI global refs:
JNI global refs: 8, weak refs: 0

JNI global refs memory usage: 843, weak refs: 209


---------------  S Y S T E M  ---------------

OS:
 Windows 10 , 64 bit Build 19041 (10.0.19041.3393)
OS uptime: 0 days 8:41 hours

CPU: total 8 (initial active 8) (4 cores per cpu, 2 threads per core) family 6 model 165 stepping 2 microcode 0xc8, cx8, cmov, fxsr, ht, mmx, 3dnowpref, sse, sse2, sse3, ssse3, sse4.1, sse4.2, popcnt, lzcnt, tsc, tscinvbit, avx, avx2, aes, erms, clmul, bmi1, bmi2, adx, fma, vzeroupper, clflush, clflushopt

Memory: 4k page, system-wide physical 8029M (206M free)
TotalPageFile size 32605M (AvailPageFile size 0M)
current process WorkingSet (physical memory assigned to process): 40M, peak: 40M
current process commit charge ("private bytes"): 206M, peak: 207M

vm_info: OpenJDK 64-Bit Server VM (17.0.6+0-b2043.56-10027231) for windows-amd64 JRE (17.0.6+0-b2043.56-10027231), built on Apr 28 2023 00:43:19 by "androidbuild" with MS VC++ 16.10 / 16.11 (VS2019)

END.
